<?xml version="1.0" encoding="UTF-8"?>
<testng-results skipped="2" failed="1" ignored="0" total="8" passed="5">
  <reporter-output>
  </reporter-output>
  <suite name="Suite" duration-ms="98859" started-at="2021-06-25T22:17:16 IST" finished-at="2021-06-25T22:18:55 IST">
    <groups>
    </groups>
    <test name="Test" duration-ms="98859" started-at="2021-06-25T22:17:16 IST" finished-at="2021-06-25T22:18:55 IST">
      <class name="testCases.TC2_ListFlights">
        <test-method status="PASS" signature="setUp()[pri:0, instance:testCases.TC2_ListFlights@3aeaafa6]" name="setUp" is-config="true" duration-ms="47525" started-at="2021-06-25T22:17:16 IST" finished-at="2021-06-25T22:18:04 IST">
          <reporter-output>
          </reporter-output>
        </test-method> <!-- setUp -->
        <test-method status="PASS" signature="userSelectTravelType()[pri:0, instance:testCases.TC2_ListFlights@3aeaafa6]" name="userSelectTravelType" duration-ms="2775" started-at="2021-06-25T22:18:04 IST" finished-at="2021-06-25T22:18:07 IST">
          <reporter-output>
          </reporter-output>
        </test-method> <!-- userSelectTravelType -->
        <test-method status="PASS" signature="userEntersTraveDetails(java.lang.String, java.lang.String)[pri:0, instance:testCases.TC2_ListFlights@3aeaafa6]" name="userEntersTraveDetails" duration-ms="7017" started-at="2021-06-25T22:18:07 IST" depends-on-methods="testCases.TC2_ListFlights.userSelectTravelType" finished-at="2021-06-25T22:18:14 IST">
          <params>
            <param index="0">
              <value>
                <![CDATA[Kochi, India (COK)]]>
              </value>
            </param>
            <param index="1">
              <value>
                <![CDATA[Mumbai, India (BOM)]]>
              </value>
            </param>
          </params>
          <reporter-output>
          </reporter-output>
        </test-method> <!-- userEntersTraveDetails -->
        <test-method status="PASS" signature="userClickSearch()[pri:0, instance:testCases.TC2_ListFlights@3aeaafa6]" name="userClickSearch" duration-ms="16234" started-at="2021-06-25T22:18:14 IST" depends-on-methods="testCases.TC2_ListFlights.userEntersTraveDetails" finished-at="2021-06-25T22:18:30 IST">
          <reporter-output>
          </reporter-output>
        </test-method> <!-- userClickSearch -->
        <test-method status="PASS" signature="userVerifyFlightsListed()[pri:0, instance:testCases.TC2_ListFlights@3aeaafa6]" name="userVerifyFlightsListed" duration-ms="579" started-at="2021-06-25T22:18:30 IST" depends-on-methods="testCases.TC2_ListFlights.userClickSearch" finished-at="2021-06-25T22:18:30 IST">
          <reporter-output>
          </reporter-output>
        </test-method> <!-- userVerifyFlightsListed -->
        <test-method status="PASS" signature="closeBrowser()[pri:0, instance:testCases.TC2_ListFlights@3aeaafa6]" name="closeBrowser" is-config="true" duration-ms="2887" started-at="2021-06-25T22:18:30 IST" finished-at="2021-06-25T22:18:33 IST">
          <reporter-output>
          </reporter-output>
        </test-method> <!-- closeBrowser -->
      </class> <!-- testCases.TC2_ListFlights -->
      <class name="testCases.TC4_VerifyNavigation">
        <test-method status="PASS" signature="setUp()[pri:0, instance:testCases.TC4_VerifyNavigation@76a3e297]" name="setUp" is-config="true" duration-ms="10806" started-at="2021-06-25T22:18:33 IST" finished-at="2021-06-25T22:18:44 IST">
          <reporter-output>
          </reporter-output>
        </test-method> <!-- setUp -->
        <test-method status="PASS" signature="userSelectReprintTicket()[pri:0, instance:testCases.TC4_VerifyNavigation@76a3e297]" name="userSelectReprintTicket" duration-ms="9189" started-at="2021-06-25T22:18:44 IST" finished-at="2021-06-25T22:18:53 IST">
          <reporter-output>
          </reporter-output>
        </test-method> <!-- userSelectReprintTicket -->
        <test-method status="FAIL" signature="verifySignin()[pri:0, instance:testCases.TC4_VerifyNavigation@76a3e297]" name="verifySignin" duration-ms="50" started-at="2021-06-25T22:18:53 IST" depends-on-methods="testCases.TC4_VerifyNavigation.userSelectReprintTicket" finished-at="2021-06-25T22:18:53 IST">
          <exception class="org.openqa.selenium.NoSuchElementException">
            <message>
              <![CDATA[no such element: Unable to locate element: {"method":"xpath","selector":"//input[@id='SignIn_btnLogin']"}
  (Session info: chrome=91.0.4472.114)
For documentation on this error, please visit: https://selenium.dev/exceptions/#no_such_element
Build info: version: '4.0.0-beta-1', revision: '9c03156c2b'
System info: host: 'LAPTOP-94V3K8RC', ip: '169.254.251.58', os.name: 'Windows 10', os.arch: 'amd64', os.version: '10.0', java.version: '1.8.0_291'
Driver info: org.openqa.selenium.chrome.ChromeDriver
Command: [383a8ea25d107dfd2295b63d976affd9, findElement {using=xpath, value=//input[@id='SignIn_btnLogin']}]
Capabilities {acceptInsecureCerts: false, browserName: chrome, browserVersion: 91.0.4472.114, chrome: {chromedriverVersion: 91.0.4472.101 (af52a90bf870..., userDataDir: C:\Users\lenovo\AppData\Loc...}, goog:chromeOptions: {debuggerAddress: localhost:60600}, javascriptEnabled: true, networkConnectionEnabled: false, pageLoadStrategy: normal, platform: WINDOWS, platformName: WINDOWS, proxy: Proxy(), setWindowRect: true, strictFileInteractability: false, timeouts: {implicit: 0, pageLoad: 300000, script: 30000}, unhandledPromptBehavior: dismiss and notify, webauthn:extension:largeBlob: true, webauthn:virtualAuthenticators: true}
Session ID: 383a8ea25d107dfd2295b63d976affd9]]>
            </message>
            <full-stacktrace>
              <![CDATA[org.openqa.selenium.NoSuchElementException: no such element: Unable to locate element: {"method":"xpath","selector":"//input[@id='SignIn_btnLogin']"}
  (Session info: chrome=91.0.4472.114)
For documentation on this error, please visit: https://selenium.dev/exceptions/#no_such_element
Build info: version: '4.0.0-beta-1', revision: '9c03156c2b'
System info: host: 'LAPTOP-94V3K8RC', ip: '169.254.251.58', os.name: 'Windows 10', os.arch: 'amd64', os.version: '10.0', java.version: '1.8.0_291'
Driver info: org.openqa.selenium.chrome.ChromeDriver
Command: [383a8ea25d107dfd2295b63d976affd9, findElement {using=xpath, value=//input[@id='SignIn_btnLogin']}]
Capabilities {acceptInsecureCerts: false, browserName: chrome, browserVersion: 91.0.4472.114, chrome: {chromedriverVersion: 91.0.4472.101 (af52a90bf870..., userDataDir: C:\Users\lenovo\AppData\Loc...}, goog:chromeOptions: {debuggerAddress: localhost:60600}, javascriptEnabled: true, networkConnectionEnabled: false, pageLoadStrategy: normal, platform: WINDOWS, platformName: WINDOWS, proxy: Proxy(), setWindowRect: true, strictFileInteractability: false, timeouts: {implicit: 0, pageLoad: 300000, script: 30000}, unhandledPromptBehavior: dismiss and notify, webauthn:extension:largeBlob: true, webauthn:virtualAuthenticators: true}
Session ID: 383a8ea25d107dfd2295b63d976affd9
at sun.reflect.NativeConstructorAccessorImpl.newInstance0(Native Method)
at sun.reflect.NativeConstructorAccessorImpl.newInstance(Unknown Source)
at sun.reflect.DelegatingConstructorAccessorImpl.newInstance(Unknown Source)
at java.lang.reflect.Constructor.newInstance(Unknown Source)
at org.openqa.selenium.remote.codec.w3c.W3CHttpResponseCodec.createException(W3CHttpResponseCodec.java:195)
at org.openqa.selenium.remote.codec.w3c.W3CHttpResponseCodec.decode(W3CHttpResponseCodec.java:128)
at org.openqa.selenium.remote.codec.w3c.W3CHttpResponseCodec.decode(W3CHttpResponseCodec.java:52)
at org.openqa.selenium.remote.HttpCommandExecutor.execute(HttpCommandExecutor.java:181)
at org.openqa.selenium.remote.service.DriverCommandExecutor.invokeExecute(DriverCommandExecutor.java:153)
at org.openqa.selenium.remote.service.DriverCommandExecutor.execute(DriverCommandExecutor.java:128)
at org.openqa.selenium.remote.RemoteWebDriver.execute(RemoteWebDriver.java:620)
at org.openqa.selenium.remote.RemoteWebDriver$Mechanism$2.findElement(RemoteWebDriver.java:1255)
at org.openqa.selenium.remote.RemoteWebDriver.findElement(RemoteWebDriver.java:388)
at org.openqa.selenium.remote.RemoteWebDriver.findElement(RemoteWebDriver.java:382)
at org.openqa.selenium.support.pagefactory.DefaultElementLocator.findElement(DefaultElementLocator.java:70)
at org.openqa.selenium.support.pagefactory.internal.LocatingElementHandler.invoke(LocatingElementHandler.java:39)
at com.sun.proxy.$Proxy13.isDisplayed(Unknown Source)
at pages.SignInPage.verifySignInDisplayed(SignInPage.java:18)
at testCases.TC4_VerifyNavigation.verifySignin(TC4_VerifyNavigation.java:41)
at sun.reflect.NativeMethodAccessorImpl.invoke0(Native Method)
at sun.reflect.NativeMethodAccessorImpl.invoke(Unknown Source)
at sun.reflect.DelegatingMethodAccessorImpl.invoke(Unknown Source)
at java.lang.reflect.Method.invoke(Unknown Source)
at org.testng.internal.MethodInvocationHelper.invokeMethod(MethodInvocationHelper.java:132)
at org.testng.internal.TestInvoker.invokeMethod(TestInvoker.java:599)
at org.testng.internal.TestInvoker.invokeTestMethod(TestInvoker.java:174)
at org.testng.internal.MethodRunner.runInSequence(MethodRunner.java:46)
at org.testng.internal.TestInvoker$MethodInvocationAgent.invoke(TestInvoker.java:822)
at org.testng.internal.TestInvoker.invokeTestMethods(TestInvoker.java:147)
at org.testng.internal.TestMethodWorker.invokeTestMethods(TestMethodWorker.java:146)
at org.testng.internal.TestMethodWorker.run(TestMethodWorker.java:128)
at java.util.ArrayList.forEach(Unknown Source)
at org.testng.TestRunner.privateRun(TestRunner.java:764)
at org.testng.TestRunner.run(TestRunner.java:585)
at org.testng.SuiteRunner.runTest(SuiteRunner.java:384)
at org.testng.SuiteRunner.runSequentially(SuiteRunner.java:378)
at org.testng.SuiteRunner.privateRun(SuiteRunner.java:337)
at org.testng.SuiteRunner.run(SuiteRunner.java:286)
at org.testng.SuiteRunnerWorker.runSuite(SuiteRunnerWorker.java:53)
at org.testng.SuiteRunnerWorker.run(SuiteRunnerWorker.java:96)
at org.testng.TestNG.runSuitesSequentially(TestNG.java:1218)
at org.testng.TestNG.runSuitesLocally(TestNG.java:1140)
at org.testng.TestNG.runSuites(TestNG.java:1069)
at org.testng.TestNG.run(TestNG.java:1037)
at org.apache.maven.surefire.testng.TestNGExecutor.run(TestNGExecutor.java:281)
at org.apache.maven.surefire.testng.TestNGXmlTestSuite.execute(TestNGXmlTestSuite.java:75)
at org.apache.maven.surefire.testng.TestNGProvider.invoke(TestNGProvider.java:121)
at org.apache.maven.surefire.booter.ForkedBooter.invokeProviderInSameClassLoader(ForkedBooter.java:290)
at org.apache.maven.surefire.booter.ForkedBooter.runSuitesInProcess(ForkedBooter.java:242)
at org.apache.maven.surefire.booter.ForkedBooter.main(ForkedBooter.java:121)
]]>
            </full-stacktrace>
          </exception> <!-- org.openqa.selenium.NoSuchElementException -->
          <reporter-output>
          </reporter-output>
        </test-method> <!-- verifySignin -->
        <test-method status="SKIP" signature="getParentWindow()[pri:0, instance:testCases.TC4_VerifyNavigation@76a3e297]" name="getParentWindow" duration-ms="0" started-at="2021-06-25T22:18:54 IST" depends-on-methods="testCases.TC4_VerifyNavigation.verifySignin" finished-at="2021-06-25T22:18:54 IST">
          <exception class="java.lang.Throwable">
            <message>
              <![CDATA[Method TC4_VerifyNavigation.getParentWindow()[pri:0, instance:testCases.TC4_VerifyNavigation@76a3e297] depends on not successfully finished methods]]>
            </message>
            <full-stacktrace>
              <![CDATA[java.lang.Throwable: Method TC4_VerifyNavigation.getParentWindow()[pri:0, instance:testCases.TC4_VerifyNavigation@76a3e297] depends on not successfully finished methods
at org.testng.internal.TestInvoker.invokeTestMethods(TestInvoker.java:102)
at org.testng.internal.TestMethodWorker.invokeTestMethods(TestMethodWorker.java:146)
at org.testng.internal.TestMethodWorker.run(TestMethodWorker.java:128)
at java.util.ArrayList.forEach(Unknown Source)
at org.testng.TestRunner.privateRun(TestRunner.java:764)
at org.testng.TestRunner.run(TestRunner.java:585)
at org.testng.SuiteRunner.runTest(SuiteRunner.java:384)
at org.testng.SuiteRunner.runSequentially(SuiteRunner.java:378)
at org.testng.SuiteRunner.privateRun(SuiteRunner.java:337)
at org.testng.SuiteRunner.run(SuiteRunner.java:286)
at org.testng.SuiteRunnerWorker.runSuite(SuiteRunnerWorker.java:53)
at org.testng.SuiteRunnerWorker.run(SuiteRunnerWorker.java:96)
at org.testng.TestNG.runSuitesSequentially(TestNG.java:1218)
at org.testng.TestNG.runSuitesLocally(TestNG.java:1140)
at org.testng.TestNG.runSuites(TestNG.java:1069)
at org.testng.TestNG.run(TestNG.java:1037)
at org.apache.maven.surefire.testng.TestNGExecutor.run(TestNGExecutor.java:281)
at org.apache.maven.surefire.testng.TestNGXmlTestSuite.execute(TestNGXmlTestSuite.java:75)
at org.apache.maven.surefire.testng.TestNGProvider.invoke(TestNGProvider.java:121)
at org.apache.maven.surefire.booter.ForkedBooter.invokeProviderInSameClassLoader(ForkedBooter.java:290)
at org.apache.maven.surefire.booter.ForkedBooter.runSuitesInProcess(ForkedBooter.java:242)
at org.apache.maven.surefire.booter.ForkedBooter.main(ForkedBooter.java:121)
]]>
            </full-stacktrace>
          </exception> <!-- java.lang.Throwable -->
          <reporter-output>
          </reporter-output>
        </test-method> <!-- getParentWindow -->
        <test-method status="PASS" signature="closeBrowser()[pri:0, instance:testCases.TC4_VerifyNavigation@76a3e297]" name="closeBrowser" is-config="true" duration-ms="1401" started-at="2021-06-25T22:18:54 IST" finished-at="2021-06-25T22:18:55 IST">
          <reporter-output>
          </reporter-output>
        </test-method> <!-- closeBrowser -->
        <test-method status="SKIP" signature="verifyHomePage()[pri:0, instance:testCases.TC4_VerifyNavigation@76a3e297]" name="verifyHomePage" duration-ms="0" started-at="2021-06-25T22:18:54 IST" depends-on-methods="testCases.TC4_VerifyNavigation.getParentWindow" finished-at="2021-06-25T22:18:54 IST">
          <exception class="java.lang.Throwable">
            <message>
              <![CDATA[Method TC4_VerifyNavigation.verifyHomePage()[pri:0, instance:testCases.TC4_VerifyNavigation@76a3e297] depends on not successfully finished methods]]>
            </message>
            <full-stacktrace>
              <![CDATA[java.lang.Throwable: Method TC4_VerifyNavigation.verifyHomePage()[pri:0, instance:testCases.TC4_VerifyNavigation@76a3e297] depends on not successfully finished methods
at org.testng.internal.TestInvoker.invokeTestMethods(TestInvoker.java:102)
at org.testng.internal.TestMethodWorker.invokeTestMethods(TestMethodWorker.java:146)
at org.testng.internal.TestMethodWorker.run(TestMethodWorker.java:128)
at java.util.ArrayList.forEach(Unknown Source)
at org.testng.TestRunner.privateRun(TestRunner.java:764)
at org.testng.TestRunner.run(TestRunner.java:585)
at org.testng.SuiteRunner.runTest(SuiteRunner.java:384)
at org.testng.SuiteRunner.runSequentially(SuiteRunner.java:378)
at org.testng.SuiteRunner.privateRun(SuiteRunner.java:337)
at org.testng.SuiteRunner.run(SuiteRunner.java:286)
at org.testng.SuiteRunnerWorker.runSuite(SuiteRunnerWorker.java:53)
at org.testng.SuiteRunnerWorker.run(SuiteRunnerWorker.java:96)
at org.testng.TestNG.runSuitesSequentially(TestNG.java:1218)
at org.testng.TestNG.runSuitesLocally(TestNG.java:1140)
at org.testng.TestNG.runSuites(TestNG.java:1069)
at org.testng.TestNG.run(TestNG.java:1037)
at org.apache.maven.surefire.testng.TestNGExecutor.run(TestNGExecutor.java:281)
at org.apache.maven.surefire.testng.TestNGXmlTestSuite.execute(TestNGXmlTestSuite.java:75)
at org.apache.maven.surefire.testng.TestNGProvider.invoke(TestNGProvider.java:121)
at org.apache.maven.surefire.booter.ForkedBooter.invokeProviderInSameClassLoader(ForkedBooter.java:290)
at org.apache.maven.surefire.booter.ForkedBooter.runSuitesInProcess(ForkedBooter.java:242)
at org.apache.maven.surefire.booter.ForkedBooter.main(ForkedBooter.java:121)
]]>
            </full-stacktrace>
          </exception> <!-- java.lang.Throwable -->
          <reporter-output>
          </reporter-output>
        </test-method> <!-- verifyHomePage -->
      </class> <!-- testCases.TC4_VerifyNavigation -->
    </test> <!-- Test -->
  </suite> <!-- Suite -->
</testng-results>
