<?xml version="1.0" encoding="UTF-8"?>
<testsuite xmlns:xsi="http://www.w3.org/2001/XMLSchema-instance" xsi:schemaLocation="https://maven.apache.org/surefire/maven-surefire-plugin/xsd/surefire-test-report.xsd" name="TestSuite" time="101.214" tests="8" errors="0" skipped="2" failures="1">
  <properties>
[...]
</properties>
  <testcase name="userSelectTravelType" classname="testCases.TC2_ListFlights" time="2.781"/>
  <testcase name="userEntersTraveDetails" classname="testCases.TC2_ListFlights" time="7.018"/>
  <testcase name="userClickSearch" classname="testCases.TC2_ListFlights" time="16.234"/>
  <testcase name="userVerifyFlightsListed" classname="testCases.TC2_ListFlights" time="0.576"/>
  <testcase name="userSelectReprintTicket" classname="testCases.TC4_VerifyNavigation" time="9.19"/>
  <testcase name="verifySignin" classname="testCases.TC4_VerifyNavigation" time="0.263">
    <failure message="no such element: Unable to locate element: {&quot;method&quot;:&quot;xpath&quot;,&quot;selector&quot;:&quot;//input[@id=&apos;SignIn_btnLogin&apos;]&quot;}&#10;  (Session info: chrome=91.0.4472.114)&#10;For documentation on this error, please visit: https://selenium.dev/exceptions/#no_such_element&#10;Build info: version: &apos;4.0.0-beta-1&apos;, revision: &apos;9c03156c2b&apos;&#10;System info: host: &apos;LAPTOP-94V3K8RC&apos;, ip: &apos;169.254.251.58&apos;, os.name: &apos;Windows 10&apos;, os.arch: &apos;amd64&apos;, os.version: &apos;10.0&apos;, java.version: &apos;1.8.0_291&apos;&#10;Driver info: org.openqa.selenium.chrome.ChromeDriver&#10;Command: [383a8ea25d107dfd2295b63d976affd9, findElement {using=xpath, value=//input[@id=&apos;SignIn_btnLogin&apos;]}]&#10;Capabilities {acceptInsecureCerts: false, browserName: chrome, browserVersion: 91.0.4472.114, chrome: {chromedriverVersion: 91.0.4472.101 (af52a90bf870..., userDataDir: C:\Users\lenovo\AppData\Loc...}, goog:chromeOptions: {debuggerAddress: localhost:60600}, javascriptEnabled: true, networkConnectionEnabled: false, pageLoadStrategy: normal, platform: WINDOWS, platformName: WINDOWS, proxy: Proxy(), setWindowRect: true, strictFileInteractability: false, timeouts: {implicit: 0, pageLoad: 300000, script: 30000}, unhandledPromptBehavior: dismiss and notify, webauthn:extension:largeBlob: true, webauthn:virtualAuthenticators: true}&#10;Session ID: 383a8ea25d107dfd2295b63d976affd9" type="org.openqa.selenium.NoSuchElementException">org.openqa.selenium.NoSuchElementException: 
no such element: Unable to locate element: {"method":"xpath","selector":"//input[@id='SignIn_btnLogin']"}
  (Session info: chrome=91.0.4472.114)
For documentation on this error, please visit: https://selenium.dev/exceptions/#no_such_element
Build info: version: '4.0.0-beta-1', revision: '9c03156c2b'
System info: host: 'LAPTOP-94V3K8RC', ip: '169.254.251.58', os.name: 'Windows 10', os.arch: 'amd64', os.version: '10.0', java.version: '1.8.0_291'
Driver info: org.openqa.selenium.chrome.ChromeDriver
Command: [383a8ea25d107dfd2295b63d976affd9, findElement {using=xpath, value=//input[@id='SignIn_btnLogin']}]
Capabilities {acceptInsecureCerts: false, browserName: chrome, browserVersion: 91.0.4472.114, chrome: {chromedriverVersion: 91.0.4472.101 (af52a90bf870..., userDataDir: C:\Users\lenovo\AppData\Loc...}, goog:chromeOptions: {debuggerAddress: localhost:60600}, javascriptEnabled: true, networkConnectionEnabled: false, pageLoadStrategy: normal, platform: WINDOWS, platformName: WINDOWS, proxy: Proxy(), setWindowRect: true, strictFileInteractability: false, timeouts: {implicit: 0, pageLoad: 300000, script: 30000}, unhandledPromptBehavior: dismiss and notify, webauthn:extension:largeBlob: true, webauthn:virtualAuthenticators: true}
Session ID: 383a8ea25d107dfd2295b63d976affd9
	at testCases.TC4_VerifyNavigation.verifySignin(TC4_VerifyNavigation.java:41)
</failure>
  </testcase>
  <testcase name="getParentWindow" classname="testCases.TC4_VerifyNavigation" time="0">
    <skipped message="Method TC4_VerifyNavigation.getParentWindow()[pri:0, instance:testCases.TC4_VerifyNavigation@76a3e297] depends on not successfully finished methods"/>
  </testcase>
  <testcase name="verifyHomePage" classname="testCases.TC4_VerifyNavigation" time="0">
    <skipped message="Method TC4_VerifyNavigation.verifyHomePage()[pri:0, instance:testCases.TC4_VerifyNavigation@76a3e297] depends on not successfully finished methods"/>
  </testcase>
</testsuite>